Using pre-set license
Built from '2020.3/release' branch; Version is '2020.3.2f1 (8fd9074bf66c) revision 9427207'; Using compiler version '192528614'; Build Type 'Release'
OS: 'Windows 10 Home; OS build 19042.867; Version 2009; 64bit' Language: 'en' Physical Memory: 8123 MB
BatchMode: 1, IsHumanControllingUs: 0, StartBugReporterOnCrash: 0, Is64bit: 1, IsPro: 0

 COMMAND LINE ARGUMENTS:
C:\Program Files\Unity\Hub\Editor\2020.3.2f1\Editor\Unity.exe
-adb2
-batchMode
-noUpm
-name
AssetImportWorker1
-projectPath
C:/Users/Dylan Vannatter/Coding/unity-game/CIS-380-Final
-logFile
Logs/AssetImportWorker1.log
-srvPort
49661
Successfully changed project path to: C:/Users/Dylan Vannatter/Coding/unity-game/CIS-380-Final
C:/Users/Dylan Vannatter/Coding/unity-game/CIS-380-Final
Using Asset Import Pipeline V2.
Refreshing native plugins compatible for Editor in 51.19 ms, found 1 plugins.
Preloading 0 native plugins for Editor in 0.00 ms.
Initialize engine version: 2020.3.2f1 (8fd9074bf66c)
[Subsystems] Discovering subsystems at path C:/Program Files/Unity/Hub/Editor/2020.3.2f1/Editor/Data/Resources/UnitySubsystems
[Subsystems] Discovering subsystems at path C:/Users/Dylan Vannatter/Coding/unity-game/CIS-380-Final/Assets
GfxDevice: creating device client; threaded=0
Direct3D:
    Version:  Direct3D 11.0 [level 11.1]
    Renderer: NVIDIA GeForce GTX 1070 (ID=0x1b81)
    Vendor:   
    VRAM:     8088 MB
    Driver:   27.21.14.6109
Initialize mono
Mono path[0] = 'C:/Program Files/Unity/Hub/Editor/2020.3.2f1/Editor/Data/Managed'
Mono path[1] = 'C:/Program Files/Unity/Hub/Editor/2020.3.2f1/Editor/Data/MonoBleedingEdge/lib/mono/unityjit'
Mono config path = 'C:/Program Files/Unity/Hub/Editor/2020.3.2f1/Editor/Data/MonoBleedingEdge/etc'
Using monoOptions --debugger-agent=transport=dt_socket,embedding=1,server=y,suspend=n,address=127.0.0.1:56740
Begin MonoManager ReloadAssembly
Registering precompiled unity dll's ...
Register platform support module: C:/Program Files/Unity/Hub/Editor/2020.3.2f1/Editor/Data/PlaybackEngines/WindowsStandaloneSupport/UnityEditor.WindowsStandalone.Extensions.dll
Registered in 0.004714 seconds.
Native extension for WindowsStandalone target not found
Refreshing native plugins compatible for Editor in 47.98 ms, found 1 plugins.
Preloading 0 native plugins for Editor in 0.00 ms.
Invoked RoslynAnalysisRunner static constructor.
RoslynAnalysisRunner will not be running.
RoslynAnalysisRunner has terminated.
Mono: successfully reloaded assembly
- Completed reload, in  4.454 seconds
Platform modules already initialized, skipping
Registering precompiled user dll's ...
Registered in 0.003155 seconds.
Begin MonoManager ReloadAssembly
Native extension for WindowsStandalone target not found
Refreshing native plugins compatible for Editor in 41.00 ms, found 1 plugins.
Preloading 0 native plugins for Editor in 0.00 ms.
Invoked RoslynAnalysisRunner static constructor.
RoslynAnalysisRunner will not be running.
RoslynAnalysisRunner has terminated.
Mono: successfully reloaded assembly
- Completed reload, in  1.085 seconds
Platform modules already initialized, skipping
========================================================================
Worker process is ready to serve import requests
Launched and connected shader compiler UnityShaderCompiler.exe after 0.17 seconds
Refreshing native plugins compatible for Editor in 0.33 ms, found 1 plugins.
Preloading 0 native plugins for Editor in 0.00 ms.
Unloading 1811 Unused Serialized files (Serialized files now loaded: 0)
System memory in use before: 85.1 MB.
System memory in use after: 85.0 MB.

Unloading 24 unused Assets to reduce memory usage. Loaded Objects now: 2253.
Total: 6.983700 ms (FindLiveObjects: 0.179400 ms CreateObjectMapping: 0.061800 ms MarkObjects: 6.188700 ms  DeleteObjects: 0.552500 ms)

========================================================================
Received Import Request.
  path: Assets/Enemies/skeleton_idle.png
  artifactKey: Guid(b41871e39646087499e27ff80128fb9f) Importer(815301076,1909f56bfc062723c751e8b465ee728b)
Start importing Assets/Enemies/skeleton_idle.png using Guid(b41871e39646087499e27ff80128fb9f) Importer(815301076,1909f56bfc062723c751e8b465ee728b)  -> (artifact id: '07266678e67946268725bd2709b48da6') in 0.177269 seconds
  Import took 0.181378 seconds .

========================================================================
Received Import Request.
  Time since last request: 6.146370 seconds.
  path: Assets/Enemies/skeleton_idle.png
  artifactKey: Guid(b41871e39646087499e27ff80128fb9f) Importer(815301076,1909f56bfc062723c751e8b465ee728b)
Start importing Assets/Enemies/skeleton_idle.png using Guid(b41871e39646087499e27ff80128fb9f) Importer(815301076,1909f56bfc062723c751e8b465ee728b)  -> (artifact id: '2e256600bd8052085adcdd506668dadc') in 0.013196 seconds
  Import took 0.018787 seconds .

========================================================================
Received Import Request.
  Time since last request: 0.001917 seconds.
  path: Assets/Enemies/skeleton_idle.png
  artifactKey: Guid(b41871e39646087499e27ff80128fb9f) Importer(815301076,1909f56bfc062723c751e8b465ee728b)
Start importing Assets/Enemies/skeleton_idle.png using Guid(b41871e39646087499e27ff80128fb9f) Importer(815301076,1909f56bfc062723c751e8b465ee728b)  -> (artifact id: '2e256600bd8052085adcdd506668dadc') in 0.008864 seconds
  Import took 0.013701 seconds .

========================================================================
Received Import Request.
  Time since last request: 15.070276 seconds.
  path: Assets/Enemies/skeleton_idle.png
  artifactKey: Guid(b41871e39646087499e27ff80128fb9f) Importer(815301076,1909f56bfc062723c751e8b465ee728b)
Start importing Assets/Enemies/skeleton_idle.png using Guid(b41871e39646087499e27ff80128fb9f) Importer(815301076,1909f56bfc062723c751e8b465ee728b)  -> (artifact id: '2eabf93b76178737b188e2edcd0f64cf') in 0.012548 seconds
  Import took 0.017500 seconds .

========================================================================
Received Import Request.
  Time since last request: 0.003442 seconds.
  path: Assets/Enemies/skeleton_idle.png
  artifactKey: Guid(b41871e39646087499e27ff80128fb9f) Importer(815301076,1909f56bfc062723c751e8b465ee728b)
Start importing Assets/Enemies/skeleton_idle.png using Guid(b41871e39646087499e27ff80128fb9f) Importer(815301076,1909f56bfc062723c751e8b465ee728b)  -> (artifact id: '2eabf93b76178737b188e2edcd0f64cf') in 0.007981 seconds
  Import took 0.013287 seconds .

========================================================================
Received Import Request.
  Time since last request: 32.990451 seconds.
  path: Assets/Enemies/goblin_idle.png
  artifactKey: Guid(3f389739a4ccff848a1abe5a82435583) Importer(815301076,1909f56bfc062723c751e8b465ee728b)
Start importing Assets/Enemies/goblin_idle.png using Guid(3f389739a4ccff848a1abe5a82435583) Importer(815301076,1909f56bfc062723c751e8b465ee728b)  -> (artifact id: '538cad11244d9dbc0b0aa715c0c7fb50') in 0.066664 seconds
  Import took 0.071398 seconds .

========================================================================
Received Import Request.
  Time since last request: 12.304199 seconds.
  path: Assets/Enemies/goblin_idle.png
  artifactKey: Guid(3f389739a4ccff848a1abe5a82435583) Importer(815301076,1909f56bfc062723c751e8b465ee728b)
Start importing Assets/Enemies/goblin_idle.png using Guid(3f389739a4ccff848a1abe5a82435583) Importer(815301076,1909f56bfc062723c751e8b465ee728b)  -> (artifact id: '26fdbbaf36be6050392d1f170b1deeb1') in 0.016993 seconds
  Import took 0.020988 seconds .

========================================================================
Received Import Request.
  Time since last request: 13.787768 seconds.
  path: Assets/Enemies/goblin_idle.png
  artifactKey: Guid(3f389739a4ccff848a1abe5a82435583) Importer(815301076,1909f56bfc062723c751e8b465ee728b)
Start importing Assets/Enemies/goblin_idle.png using Guid(3f389739a4ccff848a1abe5a82435583) Importer(815301076,1909f56bfc062723c751e8b465ee728b)  -> (artifact id: '2fcf13c4f8f968b0c74592c3db5f560f') in 0.033662 seconds
  Import took 0.036878 seconds .

========================================================================
Received Import Request.
  Time since last request: 57.749158 seconds.
  path: Assets/Enemies/goblin_move.png
  artifactKey: Guid(b8d6541fdd795034e9e4fe1fea89287f) Importer(815301076,1909f56bfc062723c751e8b465ee728b)
Start importing Assets/Enemies/goblin_move.png using Guid(b8d6541fdd795034e9e4fe1fea89287f) Importer(815301076,1909f56bfc062723c751e8b465ee728b)  -> (artifact id: 'c24cc5b3bcd55f914cc16bbda1c2ea3a') in 0.019033 seconds
  Import took 0.023829 seconds .

========================================================================
Received Import Request.
  Time since last request: 15.563318 seconds.
  path: Assets/Enemies/goblin_attack.png
  artifactKey: Guid(2e04c28bf1c54f0409ddd6fc78e5d270) Importer(815301076,1909f56bfc062723c751e8b465ee728b)
Start importing Assets/Enemies/goblin_attack.png using Guid(2e04c28bf1c54f0409ddd6fc78e5d270) Importer(815301076,1909f56bfc062723c751e8b465ee728b)  -> (artifact id: '76b87ff7ea1e85bf363b050f47b36607') in 0.020090 seconds
  Import took 0.024282 seconds .

========================================================================
Received Import Request.
  Time since last request: 17.074591 seconds.
  path: Assets/Enemies/goblin_dead.png
  artifactKey: Guid(a6d3301782661364ea810aa649f133be) Importer(815301076,1909f56bfc062723c751e8b465ee728b)
Start importing Assets/Enemies/goblin_dead.png using Guid(a6d3301782661364ea810aa649f133be) Importer(815301076,1909f56bfc062723c751e8b465ee728b)  -> (artifact id: '10c80c0248c7e922074efbf17af1373e') in 0.015616 seconds
  Import took 0.019577 seconds .

========================================================================
Received Import Request.
  Time since last request: 18.555416 seconds.
  path: Assets/Enemies/goblin_move.png
  artifactKey: Guid(b8d6541fdd795034e9e4fe1fea89287f) Importer(815301076,1909f56bfc062723c751e8b465ee728b)
Start importing Assets/Enemies/goblin_move.png using Guid(b8d6541fdd795034e9e4fe1fea89287f) Importer(815301076,1909f56bfc062723c751e8b465ee728b)  -> (artifact id: '7c68909732a417191e57406aa5bb1ee2') in 0.012526 seconds
  Import took 0.016141 seconds .

========================================================================
Received Import Request.
  Time since last request: 0.014298 seconds.
  path: Assets/Enemies/goblin_attack.png
  artifactKey: Guid(2e04c28bf1c54f0409ddd6fc78e5d270) Importer(815301076,1909f56bfc062723c751e8b465ee728b)
Start importing Assets/Enemies/goblin_attack.png using Guid(2e04c28bf1c54f0409ddd6fc78e5d270) Importer(815301076,1909f56bfc062723c751e8b465ee728b)  -> (artifact id: 'fb1deccfb0c8c2859d346ee3c4826ef1') in 0.012538 seconds
  Import took 0.016840 seconds .

========================================================================
Received Import Request.
  Time since last request: 0.000458 seconds.
  path: Assets/Enemies/goblin_dead.png
  artifactKey: Guid(a6d3301782661364ea810aa649f133be) Importer(815301076,1909f56bfc062723c751e8b465ee728b)
Start importing Assets/Enemies/goblin_dead.png using Guid(a6d3301782661364ea810aa649f133be) Importer(815301076,1909f56bfc062723c751e8b465ee728b)  -> (artifact id: '208b0d8bcc3cb301f5461c7ba7d00051') in 0.011676 seconds
  Import took 0.015882 seconds .

========================================================================
Received Import Request.
  Time since last request: 28.989599 seconds.
  path: Assets/Enemies/goblin_attack.png
  artifactKey: Guid(2e04c28bf1c54f0409ddd6fc78e5d270) Importer(815301076,1909f56bfc062723c751e8b465ee728b)
Start importing Assets/Enemies/goblin_attack.png using Guid(2e04c28bf1c54f0409ddd6fc78e5d270) Importer(815301076,1909f56bfc062723c751e8b465ee728b)  -> (artifact id: 'ad5f8cb5248981d04ace7176485c81a2') in 0.049763 seconds
  Import took 0.052852 seconds .

========================================================================
Received Import Request.
  Time since last request: 15.360254 seconds.
  path: Assets/Enemies/goblin_dead.png
  artifactKey: Guid(a6d3301782661364ea810aa649f133be) Importer(815301076,1909f56bfc062723c751e8b465ee728b)
Start importing Assets/Enemies/goblin_dead.png using Guid(a6d3301782661364ea810aa649f133be) Importer(815301076,1909f56bfc062723c751e8b465ee728b)  -> (artifact id: '03e713309658fa9533a42f5f91328bed') in 0.036991 seconds
  Import took 0.041065 seconds .

========================================================================
Received Import Request.
  Time since last request: 13.899040 seconds.
  path: Assets/Enemies/goblin_move.png
  artifactKey: Guid(b8d6541fdd795034e9e4fe1fea89287f) Importer(815301076,1909f56bfc062723c751e8b465ee728b)
Start importing Assets/Enemies/goblin_move.png using Guid(b8d6541fdd795034e9e4fe1fea89287f) Importer(815301076,1909f56bfc062723c751e8b465ee728b)  -> (artifact id: 'fabfcfbbc34562f41672018e7cc94146') in 0.042446 seconds
  Import took 0.045746 seconds .

========================================================================
Received Prepare
Registering precompiled user dll's ...
Registered in 0.001365 seconds.
Begin MonoManager ReloadAssembly
Native extension for WindowsStandalone target not found
Refreshing native plugins compatible for Editor in 0.34 ms, found 1 plugins.
Preloading 0 native plugins for Editor in 0.00 ms.
Invoked RoslynAnalysisRunner static constructor.
RoslynAnalysisRunner will not be running.
RoslynAnalysisRunner has terminated.
Mono: successfully reloaded assembly
- Completed reload, in  0.938 seconds
Platform modules already initialized, skipping
Refreshing native plugins compatible for Editor in 0.34 ms, found 1 plugins.
Preloading 0 native plugins for Editor in 0.00 ms.
Unloading 1806 Unused Serialized files (Serialized files now loaded: 0)
System memory in use before: 88.1 MB.
System memory in use after: 88.1 MB.

Unloading 12 unused Assets to reduce memory usage. Loaded Objects now: 2303.
Total: 3.001500 ms (FindLiveObjects: 0.243100 ms CreateObjectMapping: 0.111200 ms MarkObjects: 2.505500 ms  DeleteObjects: 0.140600 ms)

========================================================================
Received Import Request.
  Time since last request: 181.537793 seconds.
  path: Assets/Enemies/GoblinDeath.anim
  artifactKey: Guid(522473e4e98e068418282145ec6db054) Importer(815301076,1909f56bfc062723c751e8b465ee728b)
Start importing Assets/Enemies/GoblinDeath.anim using Guid(522473e4e98e068418282145ec6db054) Importer(815301076,1909f56bfc062723c751e8b465ee728b)  -> (artifact id: '995db5950f67429ff5162c8064ffd36e') in 0.030100 seconds
  Import took 0.034291 seconds .

========================================================================
Received Prepare
Registering precompiled user dll's ...
Registered in 0.001297 seconds.
Begin MonoManager ReloadAssembly
Native extension for WindowsStandalone target not found
Refreshing native plugins compatible for Editor in 0.33 ms, found 1 plugins.
Preloading 0 native plugins for Editor in 0.00 ms.
Invoked RoslynAnalysisRunner static constructor.
RoslynAnalysisRunner will not be running.
RoslynAnalysisRunner has terminated.
Mono: successfully reloaded assembly
- Completed reload, in  1.001 seconds
Platform modules already initialized, skipping
Refreshing native plugins compatible for Editor in 0.34 ms, found 1 plugins.
Preloading 0 native plugins for Editor in 0.00 ms.
Unloading 1806 Unused Serialized files (Serialized files now loaded: 0)
System memory in use before: 88.2 MB.
System memory in use after: 88.1 MB.

Unloading 12 unused Assets to reduce memory usage. Loaded Objects now: 2307.
Total: 2.217300 ms (FindLiveObjects: 0.251400 ms CreateObjectMapping: 0.064600 ms MarkObjects: 1.747500 ms  DeleteObjects: 0.152900 ms)

========================================================================
Received Import Request.
  Time since last request: 8.000253 seconds.
  path: Assets/Enemies/goblin_dead_0.controller
  artifactKey: Guid(d76108d524aa6e84fbd3c68212f618da) Importer(815301076,1909f56bfc062723c751e8b465ee728b)
Start importing Assets/Enemies/goblin_dead_0.controller using Guid(d76108d524aa6e84fbd3c68212f618da) Importer(815301076,1909f56bfc062723c751e8b465ee728b)  -> (artifact id: 'c4da73138bd9f2268dc0c7dfda9205b9') in 0.021079 seconds
  Import took 0.024481 seconds .

========================================================================
Received Prepare
Registering precompiled user dll's ...
Registered in 0.001404 seconds.
Begin MonoManager ReloadAssembly
Native extension for WindowsStandalone target not found
Refreshing native plugins compatible for Editor in 0.45 ms, found 1 plugins.
Preloading 0 native plugins for Editor in 0.00 ms.
Invoked RoslynAnalysisRunner static constructor.
RoslynAnalysisRunner will not be running.
RoslynAnalysisRunner has terminated.
Mono: successfully reloaded assembly
- Completed reload, in  1.015 seconds
Platform modules already initialized, skipping
Refreshing native plugins compatible for Editor in 0.35 ms, found 1 plugins.
Preloading 0 native plugins for Editor in 0.00 ms.
Unloading 1806 Unused Serialized files (Serialized files now loaded: 0)
System memory in use before: 88.2 MB.
System memory in use after: 88.2 MB.

Unloading 12 unused Assets to reduce memory usage. Loaded Objects now: 2311.
Total: 2.278200 ms (FindLiveObjects: 0.281500 ms CreateObjectMapping: 0.072400 ms MarkObjects: 1.780800 ms  DeleteObjects: 0.142000 ms)

========================================================================
Received Prepare
Registering precompiled user dll's ...
Registered in 0.001921 seconds.
Begin MonoManager ReloadAssembly
Native extension for WindowsStandalone target not found
Refreshing native plugins compatible for Editor in 0.55 ms, found 1 plugins.
Preloading 0 native plugins for Editor in 0.00 ms.
Invoked RoslynAnalysisRunner static constructor.
RoslynAnalysisRunner will not be running.
RoslynAnalysisRunner has terminated.
Mono: successfully reloaded assembly
- Completed reload, in  0.970 seconds
Platform modules already initialized, skipping
Refreshing native plugins compatible for Editor in 0.47 ms, found 1 plugins.
Preloading 0 native plugins for Editor in 0.00 ms.
Unloading 1806 Unused Serialized files (Serialized files now loaded: 0)
System memory in use before: 88.2 MB.
System memory in use after: 88.1 MB.

Unloading 12 unused Assets to reduce memory usage. Loaded Objects now: 2315.
Total: 2.345200 ms (FindLiveObjects: 0.268800 ms CreateObjectMapping: 0.073500 ms MarkObjects: 1.862800 ms  DeleteObjects: 0.139000 ms)

========================================================================
Received Prepare
Registering precompiled user dll's ...
Registered in 0.005257 seconds.
Begin MonoManager ReloadAssembly
Native extension for WindowsStandalone target not found
Refreshing native plugins compatible for Editor in 0.34 ms, found 1 plugins.
Preloading 0 native plugins for Editor in 0.00 ms.
Invoked RoslynAnalysisRunner static constructor.
RoslynAnalysisRunner will not be running.
RoslynAnalysisRunner has terminated.
Mono: successfully reloaded assembly
- Completed reload, in  1.440 seconds
Platform modules already initialized, skipping
Refreshing native plugins compatible for Editor in 0.38 ms, found 1 plugins.
Preloading 0 native plugins for Editor in 0.00 ms.
Unloading 1806 Unused Serialized files (Serialized files now loaded: 0)
System memory in use before: 88.2 MB.
System memory in use after: 88.1 MB.

Unloading 12 unused Assets to reduce memory usage. Loaded Objects now: 2319.
Total: 2.774600 ms (FindLiveObjects: 0.372700 ms CreateObjectMapping: 0.067100 ms MarkObjects: 2.173500 ms  DeleteObjects: 0.160400 ms)

========================================================================
Received Import Request.
  Time since last request: 1064.275108 seconds.
  path: Assets/Enemies/Minotaur - Sprite Sheet.png
  artifactKey: Guid(85eab6ab05624dd4daeb58f93e3bdeb4) Importer(815301076,1909f56bfc062723c751e8b465ee728b)
Start importing Assets/Enemies/Minotaur - Sprite Sheet.png using Guid(85eab6ab05624dd4daeb58f93e3bdeb4) Importer(815301076,1909f56bfc062723c751e8b465ee728b)  -> (artifact id: 'a74fb06a942fa9a81a11718c2aef7f1b') in 0.100985 seconds
  Import took 0.105344 seconds .

========================================================================
Received Import Request.
  Time since last request: 14.524561 seconds.
  path: Assets/Enemies/Minotaur - Sprite Sheet.png
  artifactKey: Guid(85eab6ab05624dd4daeb58f93e3bdeb4) Importer(815301076,1909f56bfc062723c751e8b465ee728b)
Start importing Assets/Enemies/Minotaur - Sprite Sheet.png using Guid(85eab6ab05624dd4daeb58f93e3bdeb4) Importer(815301076,1909f56bfc062723c751e8b465ee728b)  -> (artifact id: '27a64e1210b420c306c3fba026c929d8') in 0.037282 seconds
  Import took 0.040925 seconds .

========================================================================
Received Import Request.
  Time since last request: 36.508289 seconds.
  path: Assets/Enemies/Minotaur - Sprite Sheet.png
  artifactKey: Guid(85eab6ab05624dd4daeb58f93e3bdeb4) Importer(815301076,1909f56bfc062723c751e8b465ee728b)
Start importing Assets/Enemies/Minotaur - Sprite Sheet.png using Guid(85eab6ab05624dd4daeb58f93e3bdeb4) Importer(815301076,1909f56bfc062723c751e8b465ee728b)  -> (artifact id: '293a05e92483f8f64a7f1a4244a7bfee') in 0.222576 seconds
  Import took 0.226911 seconds .

========================================================================
Received Prepare
Registering precompiled user dll's ...
Registered in 0.001037 seconds.
Begin MonoManager ReloadAssembly
Native extension for WindowsStandalone target not found
Refreshing native plugins compatible for Editor in 0.34 ms, found 1 plugins.
Preloading 0 native plugins for Editor in 0.00 ms.
Invoked RoslynAnalysisRunner static constructor.
RoslynAnalysisRunner will not be running.
RoslynAnalysisRunner has terminated.
Mono: successfully reloaded assembly
- Completed reload, in  0.891 seconds
Platform modules already initialized, skipping
Refreshing native plugins compatible for Editor in 0.37 ms, found 1 plugins.
Preloading 0 native plugins for Editor in 0.00 ms.
Unloading 1806 Unused Serialized files (Serialized files now loaded: 0)
System memory in use before: 88.3 MB.
System memory in use after: 88.3 MB.

Unloading 12 unused Assets to reduce memory usage. Loaded Objects now: 2382.
Total: 2.161500 ms (FindLiveObjects: 0.195900 ms CreateObjectMapping: 0.073500 ms MarkObjects: 1.759300 ms  DeleteObjects: 0.131400 ms)

========================================================================
Received Prepare
Registering precompiled user dll's ...
Registered in 0.001664 seconds.
Begin MonoManager ReloadAssembly
Native extension for WindowsStandalone target not found
Refreshing native plugins compatible for Editor in 0.82 ms, found 1 plugins.
Preloading 0 native plugins for Editor in 0.00 ms.
Invoked RoslynAnalysisRunner static constructor.
RoslynAnalysisRunner will not be running.
RoslynAnalysisRunner has terminated.
Mono: successfully reloaded assembly
- Completed reload, in  1.976 seconds
Platform modules already initialized, skipping
Refreshing native plugins compatible for Editor in 0.35 ms, found 1 plugins.
Preloading 0 native plugins for Editor in 0.00 ms.
Unloading 1806 Unused Serialized files (Serialized files now loaded: 0)
System memory in use before: 88.3 MB.
System memory in use after: 88.3 MB.

Unloading 12 unused Assets to reduce memory usage. Loaded Objects now: 2386.
Total: 2.079700 ms (FindLiveObjects: 0.201600 ms CreateObjectMapping: 0.086200 ms MarkObjects: 1.681000 ms  DeleteObjects: 0.110100 ms)

========================================================================
Received Import Request.
  Time since last request: 229.353279 seconds.
  path: Assets/Enemies/Minotaur - Sprite Sheet 1.png
  artifactKey: Guid(2162605250350d84fb4570642b502580) Importer(815301076,1909f56bfc062723c751e8b465ee728b)
Start importing Assets/Enemies/Minotaur - Sprite Sheet 1.png using Guid(2162605250350d84fb4570642b502580) Importer(815301076,1909f56bfc062723c751e8b465ee728b)  -> (artifact id: '40793c2252c13ccb51f190f5591ef247') in 0.258219 seconds
  Import took 0.262920 seconds .

========================================================================
Received Prepare
Registering precompiled user dll's ...
Registered in 0.001289 seconds.
Begin MonoManager ReloadAssembly
Native extension for WindowsStandalone target not found
Refreshing native plugins compatible for Editor in 0.40 ms, found 1 plugins.
Preloading 0 native plugins for Editor in 0.00 ms.
Invoked RoslynAnalysisRunner static constructor.
RoslynAnalysisRunner will not be running.
RoslynAnalysisRunner has terminated.
Mono: successfully reloaded assembly
- Completed reload, in  0.881 seconds
Platform modules already initialized, skipping
Refreshing native plugins compatible for Editor in 0.32 ms, found 1 plugins.
Preloading 0 native plugins for Editor in 0.00 ms.
Unloading 1806 Unused Serialized files (Serialized files now loaded: 0)
System memory in use before: 88.4 MB.
System memory in use after: 88.3 MB.

Unloading 12 unused Assets to reduce memory usage. Loaded Objects now: 2391.
Total: 2.217100 ms (FindLiveObjects: 0.171200 ms CreateObjectMapping: 0.064500 ms MarkObjects: 1.839600 ms  DeleteObjects: 0.141000 ms)

========================================================================
Received Prepare
Registering precompiled user dll's ...
Registered in 0.001009 seconds.
Begin MonoManager ReloadAssembly
Native extension for WindowsStandalone target not found
Refreshing native plugins compatible for Editor in 0.34 ms, found 1 plugins.
Preloading 0 native plugins for Editor in 0.00 ms.
Invoked RoslynAnalysisRunner static constructor.
RoslynAnalysisRunner will not be running.
RoslynAnalysisRunner has terminated.
Mono: successfully reloaded assembly
- Completed reload, in  0.880 seconds
Platform modules already initialized, skipping
Refreshing native plugins compatible for Editor in 0.34 ms, found 1 plugins.
Preloading 0 native plugins for Editor in 0.00 ms.
Unloading 1806 Unused Serialized files (Serialized files now loaded: 0)
System memory in use before: 88.4 MB.
System memory in use after: 88.3 MB.

Unloading 12 unused Assets to reduce memory usage. Loaded Objects now: 2395.
Total: 2.078700 ms (FindLiveObjects: 0.205300 ms CreateObjectMapping: 0.062500 ms MarkObjects: 1.678500 ms  DeleteObjects: 0.131500 ms)

========================================================================
Received Prepare
Registering precompiled user dll's ...
Registered in 0.001269 seconds.
Begin MonoManager ReloadAssembly
Native extension for WindowsStandalone target not found
Refreshing native plugins compatible for Editor in 2.07 ms, found 1 plugins.
Preloading 0 native plugins for Editor in 0.00 ms.
Invoked RoslynAnalysisRunner static constructor.
RoslynAnalysisRunner will not be running.
RoslynAnalysisRunner has terminated.
Mono: successfully reloaded assembly
- Completed reload, in  1.590 seconds
Platform modules already initialized, skipping
Refreshing native plugins compatible for Editor in 0.45 ms, found 1 plugins.
Preloading 0 native plugins for Editor in 0.00 ms.
Unloading 1806 Unused Serialized files (Serialized files now loaded: 0)
System memory in use before: 88.4 MB.
System memory in use after: 88.3 MB.

Unloading 12 unused Assets to reduce memory usage. Loaded Objects now: 2399.
Total: 4.368700 ms (FindLiveObjects: 0.653200 ms CreateObjectMapping: 0.119500 ms MarkObjects: 3.473900 ms  DeleteObjects: 0.120700 ms)

========================================================================
Received Prepare
Registering precompiled user dll's ...
Registered in 0.001028 seconds.
Begin MonoManager ReloadAssembly
Native extension for WindowsStandalone target not found
Refreshing native plugins compatible for Editor in 0.46 ms, found 1 plugins.
Preloading 0 native plugins for Editor in 0.00 ms.
Invoked RoslynAnalysisRunner static constructor.
RoslynAnalysisRunner will not be running.
RoslynAnalysisRunner has terminated.
Mono: successfully reloaded assembly
- Completed reload, in  0.854 seconds
Platform modules already initialized, skipping
Refreshing native plugins compatible for Editor in 0.42 ms, found 1 plugins.
Preloading 0 native plugins for Editor in 0.00 ms.
Unloading 1806 Unused Serialized files (Serialized files now loaded: 0)
System memory in use before: 88.4 MB.
System memory in use after: 88.4 MB.

Unloading 12 unused Assets to reduce memory usage. Loaded Objects now: 2403.
Total: 2.057200 ms (FindLiveObjects: 0.218200 ms CreateObjectMapping: 0.079600 ms MarkObjects: 1.622100 ms  DeleteObjects: 0.135800 ms)

========================================================================
Received Prepare
Registering precompiled user dll's ...
Registered in 0.001039 seconds.
Begin MonoManager ReloadAssembly
Native extension for WindowsStandalone target not found
Refreshing native plugins compatible for Editor in 0.49 ms, found 1 plugins.
Preloading 0 native plugins for Editor in 0.00 ms.
Invoked RoslynAnalysisRunner static constructor.
RoslynAnalysisRunner will not be running.
RoslynAnalysisRunner has terminated.
Mono: successfully reloaded assembly
- Completed reload, in  0.892 seconds
Platform modules already initialized, skipping
Refreshing native plugins compatible for Editor in 0.40 ms, found 1 plugins.
Preloading 0 native plugins for Editor in 0.00 ms.
Unloading 1806 Unused Serialized files (Serialized files now loaded: 0)
System memory in use before: 88.4 MB.
System memory in use after: 88.4 MB.

Unloading 12 unused Assets to reduce memory usage. Loaded Objects now: 2407.
Total: 2.690600 ms (FindLiveObjects: 0.379300 ms CreateObjectMapping: 0.170700 ms MarkObjects: 1.998900 ms  DeleteObjects: 0.140500 ms)

========================================================================
Received Prepare
Registering precompiled user dll's ...
Registered in 0.001119 seconds.
Begin MonoManager ReloadAssembly
Native extension for WindowsStandalone target not found
Refreshing native plugins compatible for Editor in 0.65 ms, found 1 plugins.
Preloading 0 native plugins for Editor in 0.00 ms.
Invoked RoslynAnalysisRunner static constructor.
RoslynAnalysisRunner will not be running.
RoslynAnalysisRunner has terminated.
Mono: successfully reloaded assembly
- Completed reload, in  0.883 seconds
Platform modules already initialized, skipping
Refreshing native plugins compatible for Editor in 0.33 ms, found 1 plugins.
Preloading 0 native plugins for Editor in 0.00 ms.
Unloading 1806 Unused Serialized files (Serialized files now loaded: 0)
System memory in use before: 88.4 MB.
System memory in use after: 88.4 MB.

Unloading 12 unused Assets to reduce memory usage. Loaded Objects now: 2411.
Total: 2.202700 ms (FindLiveObjects: 0.226400 ms CreateObjectMapping: 0.071300 ms MarkObjects: 1.766700 ms  DeleteObjects: 0.137000 ms)

========================================================================
Received Prepare
Registering precompiled user dll's ...
Registered in 0.001768 seconds.
Begin MonoManager ReloadAssembly
Native extension for WindowsStandalone target not found
Refreshing native plugins compatible for Editor in 0.34 ms, found 1 plugins.
Preloading 0 native plugins for Editor in 0.00 ms.
Invoked RoslynAnalysisRunner static constructor.
RoslynAnalysisRunner will not be running.
RoslynAnalysisRunner has terminated.
Mono: successfully reloaded assembly
- Completed reload, in  0.872 seconds
Platform modules already initialized, skipping
Refreshing native plugins compatible for Editor in 0.43 ms, found 1 plugins.
Preloading 0 native plugins for Editor in 0.00 ms.
Unloading 1806 Unused Serialized files (Serialized files now loaded: 0)
System memory in use before: 88.4 MB.
System memory in use after: 88.4 MB.

Unloading 12 unused Assets to reduce memory usage. Loaded Objects now: 2415.
Total: 2.369700 ms (FindLiveObjects: 0.215400 ms CreateObjectMapping: 0.082700 ms MarkObjects: 1.797900 ms  DeleteObjects: 0.272000 ms)

========================================================================
Received Prepare
Registering precompiled user dll's ...
Registered in 0.001019 seconds.
Begin MonoManager ReloadAssembly
Native extension for WindowsStandalone target not found
Refreshing native plugins compatible for Editor in 0.39 ms, found 1 plugins.
Preloading 0 native plugins for Editor in 0.00 ms.
Invoked RoslynAnalysisRunner static constructor.
RoslynAnalysisRunner will not be running.
RoslynAnalysisRunner has terminated.
Mono: successfully reloaded assembly
- Completed reload, in  1.032 seconds
Platform modules already initialized, skipping
Refreshing native plugins compatible for Editor in 0.37 ms, found 1 plugins.
Preloading 0 native plugins for Editor in 0.00 ms.
Unloading 1806 Unused Serialized files (Serialized files now loaded: 0)
System memory in use before: 88.4 MB.
System memory in use after: 88.4 MB.

Unloading 12 unused Assets to reduce memory usage. Loaded Objects now: 2419.
Total: 2.645000 ms (FindLiveObjects: 0.315800 ms CreateObjectMapping: 0.094800 ms MarkObjects: 2.096900 ms  DeleteObjects: 0.107300 ms)

========================================================================
Received Prepare
Registering precompiled user dll's ...
Registered in 0.001034 seconds.
Begin MonoManager ReloadAssembly
Native extension for WindowsStandalone target not found
Refreshing native plugins compatible for Editor in 0.33 ms, found 1 plugins.
Preloading 0 native plugins for Editor in 0.00 ms.
Invoked RoslynAnalysisRunner static constructor.
RoslynAnalysisRunner will not be running.
RoslynAnalysisRunner has terminated.
Mono: successfully reloaded assembly
- Completed reload, in  0.874 seconds
Platform modules already initialized, skipping
Refreshing native plugins compatible for Editor in 0.38 ms, found 1 plugins.
Preloading 0 native plugins for Editor in 0.00 ms.
Unloading 1806 Unused Serialized files (Serialized files now loaded: 0)
System memory in use before: 88.4 MB.
System memory in use after: 88.4 MB.

Unloading 12 unused Assets to reduce memory usage. Loaded Objects now: 2423.
Total: 2.271000 ms (FindLiveObjects: 0.199300 ms CreateObjectMapping: 0.069700 ms MarkObjects: 1.843700 ms  DeleteObjects: 0.157300 ms)

========================================================================
Received Prepare
Registering precompiled user dll's ...
Registered in 0.001212 seconds.
Begin MonoManager ReloadAssembly
Native extension for WindowsStandalone target not found
Refreshing native plugins compatible for Editor in 0.84 ms, found 1 plugins.
Preloading 0 native plugins for Editor in 0.00 ms.
Invoked RoslynAnalysisRunner static constructor.
RoslynAnalysisRunner will not be running.
RoslynAnalysisRunner has terminated.
Mono: successfully reloaded assembly
- Completed reload, in  1.138 seconds
Platform modules already initialized, skipping
Refreshing native plugins compatible for Editor in 0.33 ms, found 1 plugins.
Preloading 0 native plugins for Editor in 0.00 ms.
Unloading 1806 Unused Serialized files (Serialized files now loaded: 0)
System memory in use before: 88.4 MB.
System memory in use after: 88.4 MB.

Unloading 12 unused Assets to reduce memory usage. Loaded Objects now: 2427.
Total: 2.468100 ms (FindLiveObjects: 0.368700 ms CreateObjectMapping: 0.069300 ms MarkObjects: 1.818900 ms  DeleteObjects: 0.209900 ms)

========================================================================
Received Prepare
Registering precompiled user dll's ...
Registered in 0.001023 seconds.
Begin MonoManager ReloadAssembly
Native extension for WindowsStandalone target not found
Refreshing native plugins compatible for Editor in 0.41 ms, found 1 plugins.
Preloading 0 native plugins for Editor in 0.00 ms.
Invoked RoslynAnalysisRunner static constructor.
RoslynAnalysisRunner will not be running.
RoslynAnalysisRunner has terminated.
Mono: successfully reloaded assembly
- Completed reload, in  1.326 seconds
Platform modules already initialized, skipping
Refreshing native plugins compatible for Editor in 0.38 ms, found 1 plugins.
Preloading 0 native plugins for Editor in 0.00 ms.
Unloading 1806 Unused Serialized files (Serialized files now loaded: 0)
System memory in use before: 88.4 MB.
System memory in use after: 88.4 MB.

Unloading 12 unused Assets to reduce memory usage. Loaded Objects now: 2431.
Total: 2.737800 ms (FindLiveObjects: 0.385300 ms CreateObjectMapping: 0.095700 ms MarkObjects: 1.834300 ms  DeleteObjects: 0.420800 ms)

========================================================================
Received Prepare
Registering precompiled user dll's ...
Registered in 0.001168 seconds.
Begin MonoManager ReloadAssembly
Native extension for WindowsStandalone target not found
Refreshing native plugins compatible for Editor in 0.34 ms, found 1 plugins.
Preloading 0 native plugins for Editor in 0.00 ms.
Invoked RoslynAnalysisRunner static constructor.
RoslynAnalysisRunner will not be running.
RoslynAnalysisRunner has terminated.
Mono: successfully reloaded assembly
- Completed reload, in  0.937 seconds
Platform modules already initialized, skipping
Refreshing native plugins compatible for Editor in 0.33 ms, found 1 plugins.
Preloading 0 native plugins for Editor in 0.00 ms.
Unloading 1806 Unused Serialized files (Serialized files now loaded: 0)
System memory in use before: 88.5 MB.
System memory in use after: 88.4 MB.

Unloading 12 unused Assets to reduce memory usage. Loaded Objects now: 2435.
Total: 3.020400 ms (FindLiveObjects: 0.308700 ms CreateObjectMapping: 0.098100 ms MarkObjects: 2.438000 ms  DeleteObjects: 0.173400 ms)

========================================================================
Received Prepare
Registering precompiled user dll's ...
Registered in 0.001166 seconds.
Begin MonoManager ReloadAssembly
Native extension for WindowsStandalone target not found
Refreshing native plugins compatible for Editor in 0.33 ms, found 1 plugins.
Preloading 0 native plugins for Editor in 0.00 ms.
Invoked RoslynAnalysisRunner static constructor.
RoslynAnalysisRunner will not be running.
RoslynAnalysisRunner has terminated.
Mono: successfully reloaded assembly
- Completed reload, in  0.912 seconds
Platform modules already initialized, skipping
Refreshing native plugins compatible for Editor in 0.35 ms, found 1 plugins.
Preloading 0 native plugins for Editor in 0.00 ms.
Unloading 1806 Unused Serialized files (Serialized files now loaded: 0)
System memory in use before: 88.5 MB.
System memory in use after: 88.4 MB.

Unloading 12 unused Assets to reduce memory usage. Loaded Objects now: 2439.
Total: 2.163100 ms (FindLiveObjects: 0.205000 ms CreateObjectMapping: 0.090200 ms MarkObjects: 1.729900 ms  DeleteObjects: 0.136700 ms)

========================================================================
Received Prepare
Registering precompiled user dll's ...
Registered in 0.001205 seconds.
Begin MonoManager ReloadAssembly
Native extension for WindowsStandalone target not found
Refreshing native plugins compatible for Editor in 0.36 ms, found 1 plugins.
Preloading 0 native plugins for Editor in 0.00 ms.
Invoked RoslynAnalysisRunner static constructor.
RoslynAnalysisRunner will not be running.
RoslynAnalysisRunner has terminated.
Mono: successfully reloaded assembly
- Completed reload, in  1.021 seconds
Platform modules already initialized, skipping
Refreshing native plugins compatible for Editor in 0.32 ms, found 1 plugins.
Preloading 0 native plugins for Editor in 0.00 ms.
Unloading 1806 Unused Serialized files (Serialized files now loaded: 0)
System memory in use before: 88.5 MB.
System memory in use after: 88.4 MB.

Unloading 12 unused Assets to reduce memory usage. Loaded Objects now: 2443.
Total: 2.160900 ms (FindLiveObjects: 0.200300 ms CreateObjectMapping: 0.065400 ms MarkObjects: 1.729300 ms  DeleteObjects: 0.164500 ms)

========================================================================
Received Prepare
Registering precompiled user dll's ...
Registered in 0.001002 seconds.
Begin MonoManager ReloadAssembly
Native extension for WindowsStandalone target not found
Refreshing native plugins compatible for Editor in 0.38 ms, found 1 plugins.
Preloading 0 native plugins for Editor in 0.00 ms.
Invoked RoslynAnalysisRunner static constructor.
RoslynAnalysisRunner will not be running.
RoslynAnalysisRunner has terminated.
Mono: successfully reloaded assembly
- Completed reload, in  0.890 seconds
Platform modules already initialized, skipping
Refreshing native plugins compatible for Editor in 0.37 ms, found 1 plugins.
Preloading 0 native plugins for Editor in 0.00 ms.
Unloading 1806 Unused Serialized files (Serialized files now loaded: 0)
System memory in use before: 88.5 MB.
System memory in use after: 88.5 MB.

Unloading 12 unused Assets to reduce memory usage. Loaded Objects now: 2447.
Total: 2.129100 ms (FindLiveObjects: 0.208800 ms CreateObjectMapping: 0.071700 ms MarkObjects: 1.716200 ms  DeleteObjects: 0.131100 ms)

========================================================================
Received Prepare
Registering precompiled user dll's ...
Registered in 0.001216 seconds.
Begin MonoManager ReloadAssembly
Native extension for WindowsStandalone target not found
Refreshing native plugins compatible for Editor in 0.37 ms, found 1 plugins.
Preloading 0 native plugins for Editor in 0.00 ms.
Invoked RoslynAnalysisRunner static constructor.
RoslynAnalysisRunner will not be running.
RoslynAnalysisRunner has terminated.
Mono: successfully reloaded assembly
- Completed reload, in  0.880 seconds
Platform modules already initialized, skipping
Refreshing native plugins compatible for Editor in 0.34 ms, found 1 plugins.
Preloading 0 native plugins for Editor in 0.00 ms.
Unloading 1806 Unused Serialized files (Serialized files now loaded: 0)
System memory in use before: 88.5 MB.
System memory in use after: 88.5 MB.

Unloading 12 unused Assets to reduce memory usage. Loaded Objects now: 2451.
Total: 2.100000 ms (FindLiveObjects: 0.259900 ms CreateObjectMapping: 0.074100 ms MarkObjects: 1.561300 ms  DeleteObjects: 0.203700 ms)

========================================================================
Received Prepare
Registering precompiled user dll's ...
Registered in 0.001535 seconds.
Begin MonoManager ReloadAssembly
Native extension for WindowsStandalone target not found
Refreshing native plugins compatible for Editor in 0.42 ms, found 1 plugins.
Preloading 0 native plugins for Editor in 0.00 ms.
Invoked RoslynAnalysisRunner static constructor.
RoslynAnalysisRunner will not be running.
RoslynAnalysisRunner has terminated.
Mono: successfully reloaded assembly
- Completed reload, in  1.094 seconds
Platform modules already initialized, skipping
Refreshing native plugins compatible for Editor in 0.44 ms, found 1 plugins.
Preloading 0 native plugins for Editor in 0.00 ms.
Unloading 1806 Unused Serialized files (Serialized files now loaded: 0)
System memory in use before: 88.5 MB.
System memory in use after: 88.5 MB.

Unloading 12 unused Assets to reduce memory usage. Loaded Objects now: 2455.
Total: 2.354000 ms (FindLiveObjects: 0.202600 ms CreateObjectMapping: 0.064400 ms MarkObjects: 1.908000 ms  DeleteObjects: 0.178000 ms)

========================================================================
Received Prepare
Registering precompiled user dll's ...
Registered in 0.001296 seconds.
Begin MonoManager ReloadAssembly
Native extension for WindowsStandalone target not found
Refreshing native plugins compatible for Editor in 0.39 ms, found 1 plugins.
Preloading 0 native plugins for Editor in 0.00 ms.
Invoked RoslynAnalysisRunner static constructor.
RoslynAnalysisRunner will not be running.
RoslynAnalysisRunner has terminated.
Mono: successfully reloaded assembly
- Completed reload, in  0.957 seconds
Platform modules already initialized, skipping
Refreshing native plugins compatible for Editor in 0.33 ms, found 1 plugins.
Preloading 0 native plugins for Editor in 0.00 ms.
Unloading 1806 Unused Serialized files (Serialized files now loaded: 0)
System memory in use before: 88.5 MB.
System memory in use after: 88.5 MB.

Unloading 12 unused Assets to reduce memory usage. Loaded Objects now: 2459.
Total: 2.074000 ms (FindLiveObjects: 0.198800 ms CreateObjectMapping: 0.066800 ms MarkObjects: 1.644200 ms  DeleteObjects: 0.163000 ms)

========================================================================
Received Prepare
Registering precompiled user dll's ...
Registered in 0.004088 seconds.
Begin MonoManager ReloadAssembly
Native extension for WindowsStandalone target not found
Refreshing native plugins compatible for Editor in 0.58 ms, found 1 plugins.
Preloading 0 native plugins for Editor in 0.00 ms.
Invoked RoslynAnalysisRunner static constructor.
RoslynAnalysisRunner will not be running.
RoslynAnalysisRunner has terminated.
Mono: successfully reloaded assembly
- Completed reload, in  1.334 seconds
Platform modules already initialized, skipping
Refreshing native plugins compatible for Editor in 0.34 ms, found 1 plugins.
Preloading 0 native plugins for Editor in 0.00 ms.
Unloading 1807 Unused Serialized files (Serialized files now loaded: 0)
System memory in use before: 88.5 MB.
System memory in use after: 88.5 MB.

Unloading 12 unused Assets to reduce memory usage. Loaded Objects now: 2464.
Total: 9.150900 ms (FindLiveObjects: 2.170200 ms CreateObjectMapping: 0.165400 ms MarkObjects: 6.218900 ms  DeleteObjects: 0.594700 ms)

========================================================================
Received Import Request.
  Time since last request: 10172.148958 seconds.
  path: ProjectSettings/TagManager.asset
  artifactKey: Guid(00000000000000003000000000000000) Importer(815301076,1909f56bfc062723c751e8b465ee728b)
Start importing ProjectSettings/TagManager.asset using Guid(00000000000000003000000000000000) Importer(815301076,1909f56bfc062723c751e8b465ee728b)  -> (artifact id: '85c590d1125168ca5408b21c11f41723') in 0.041865 seconds
  Import took 0.047522 seconds .

========================================================================
Received Prepare
Registering precompiled user dll's ...
Registered in 0.002870 seconds.
Begin MonoManager ReloadAssembly
Native extension for WindowsStandalone target not found
Refreshing native plugins compatible for Editor in 0.43 ms, found 1 plugins.
Preloading 0 native plugins for Editor in 0.00 ms.
Invoked RoslynAnalysisRunner static constructor.
RoslynAnalysisRunner will not be running.
RoslynAnalysisRunner has terminated.
Mono: successfully reloaded assembly
- Completed reload, in  1.065 seconds
Platform modules already initialized, skipping
Refreshing native plugins compatible for Editor in 0.59 ms, found 1 plugins.
Preloading 0 native plugins for Editor in 0.00 ms.
Unloading 1807 Unused Serialized files (Serialized files now loaded: 0)
System memory in use before: 88.6 MB.
System memory in use after: 88.5 MB.

Unloading 13 unused Assets to reduce memory usage. Loaded Objects now: 2468.
Total: 2.410000 ms (FindLiveObjects: 0.278500 ms CreateObjectMapping: 0.091200 ms MarkObjects: 1.860100 ms  DeleteObjects: 0.178200 ms)

========================================================================
Received Prepare
Registering precompiled user dll's ...
Registered in 0.001031 seconds.
Begin MonoManager ReloadAssembly
Native extension for WindowsStandalone target not found
Refreshing native plugins compatible for Editor in 0.42 ms, found 1 plugins.
Preloading 0 native plugins for Editor in 0.00 ms.
Invoked RoslynAnalysisRunner static constructor.
RoslynAnalysisRunner will not be running.
RoslynAnalysisRunner has terminated.
Mono: successfully reloaded assembly
- Completed reload, in  0.909 seconds
Platform modules already initialized, skipping
Refreshing native plugins compatible for Editor in 0.62 ms, found 1 plugins.
Preloading 0 native plugins for Editor in 0.00 ms.
Unloading 1807 Unused Serialized files (Serialized files now loaded: 0)
System memory in use before: 88.6 MB.
System memory in use after: 88.5 MB.

Unloading 12 unused Assets to reduce memory usage. Loaded Objects now: 2472.
Total: 2.159500 ms (FindLiveObjects: 0.234500 ms CreateObjectMapping: 0.079200 ms MarkObjects: 1.736600 ms  DeleteObjects: 0.108000 ms)

========================================================================
Received Prepare
Registering precompiled user dll's ...
Registered in 0.001243 seconds.
Begin MonoManager ReloadAssembly
Native extension for WindowsStandalone target not found
Refreshing native plugins compatible for Editor in 0.34 ms, found 1 plugins.
Preloading 0 native plugins for Editor in 0.00 ms.
Invoked RoslynAnalysisRunner static constructor.
RoslynAnalysisRunner will not be running.
RoslynAnalysisRunner has terminated.
Mono: successfully reloaded assembly
- Completed reload, in  1.200 seconds
Platform modules already initialized, skipping
Refreshing native plugins compatible for Editor in 0.38 ms, found 1 plugins.
Preloading 0 native plugins for Editor in 0.00 ms.
Unloading 1807 Unused Serialized files (Serialized files now loaded: 0)
System memory in use before: 88.6 MB.
System memory in use after: 88.5 MB.

Unloading 12 unused Assets to reduce memory usage. Loaded Objects now: 2476.
Total: 2.416500 ms (FindLiveObjects: 0.223700 ms CreateObjectMapping: 0.078100 ms MarkObjects: 1.983200 ms  DeleteObjects: 0.130200 ms)

========================================================================
Received Prepare
Registering precompiled user dll's ...
Registered in 0.001994 seconds.
Begin MonoManager ReloadAssembly
Native extension for WindowsStandalone target not found
Refreshing native plugins compatible for Editor in 0.44 ms, found 1 plugins.
Preloading 0 native plugins for Editor in 0.00 ms.
Invoked RoslynAnalysisRunner static constructor.
RoslynAnalysisRunner will not be running.
RoslynAnalysisRunner has terminated.
Mono: successfully reloaded assembly
- Completed reload, in  1.313 seconds
Platform modules already initialized, skipping
Refreshing native plugins compatible for Editor in 0.34 ms, found 1 plugins.
Preloading 0 native plugins for Editor in 0.00 ms.
Unloading 1807 Unused Serialized files (Serialized files now loaded: 0)
System memory in use before: 88.6 MB.
System memory in use after: 88.6 MB.

Unloading 12 unused Assets to reduce memory usage. Loaded Objects now: 2480.
Total: 5.003300 ms (FindLiveObjects: 0.268300 ms CreateObjectMapping: 0.075100 ms MarkObjects: 4.256700 ms  DeleteObjects: 0.401600 ms)

========================================================================
Received Prepare
Registering precompiled user dll's ...
Registered in 0.002549 seconds.
Begin MonoManager ReloadAssembly
Native extension for WindowsStandalone target not found
Refreshing native plugins compatible for Editor in 0.38 ms, found 1 plugins.
Preloading 0 native plugins for Editor in 0.00 ms.
Invoked RoslynAnalysisRunner static constructor.
RoslynAnalysisRunner will not be running.
RoslynAnalysisRunner has terminated.
Mono: successfully reloaded assembly
- Completed reload, in  0.982 seconds
Platform modules already initialized, skipping
Refreshing native plugins compatible for Editor in 0.33 ms, found 1 plugins.
Preloading 0 native plugins for Editor in 0.00 ms.
Unloading 1807 Unused Serialized files (Serialized files now loaded: 0)
System memory in use before: 88.6 MB.
System memory in use after: 88.6 MB.

Unloading 12 unused Assets to reduce memory usage. Loaded Objects now: 2484.
Total: 2.569300 ms (FindLiveObjects: 0.193000 ms CreateObjectMapping: 0.063200 ms MarkObjects: 2.151200 ms  DeleteObjects: 0.146100 ms)

========================================================================
Received Prepare
Registering precompiled user dll's ...
Registered in 0.001172 seconds.
Begin MonoManager ReloadAssembly
Native extension for WindowsStandalone target not found
Refreshing native plugins compatible for Editor in 0.44 ms, found 1 plugins.
Preloading 0 native plugins for Editor in 0.00 ms.
Invoked RoslynAnalysisRunner static constructor.
RoslynAnalysisRunner will not be running.
RoslynAnalysisRunner has terminated.
Mono: successfully reloaded assembly
- Completed reload, in  0.929 seconds
Platform modules already initialized, skipping
Refreshing native plugins compatible for Editor in 0.33 ms, found 1 plugins.
Preloading 0 native plugins for Editor in 0.00 ms.
Unloading 1807 Unused Serialized files (Serialized files now loaded: 0)
System memory in use before: 88.6 MB.
System memory in use after: 88.6 MB.

Unloading 12 unused Assets to reduce memory usage. Loaded Objects now: 2488.
Total: 2.571200 ms (FindLiveObjects: 0.180300 ms CreateObjectMapping: 0.059800 ms MarkObjects: 2.138600 ms  DeleteObjects: 0.191200 ms)

========================================================================
Received Prepare
Registering precompiled user dll's ...
Registered in 0.002293 seconds.
Begin MonoManager ReloadAssembly
Native extension for WindowsStandalone target not found
Refreshing native plugins compatible for Editor in 0.35 ms, found 1 plugins.
Preloading 0 native plugins for Editor in 0.00 ms.
Invoked RoslynAnalysisRunner static constructor.
RoslynAnalysisRunner will not be running.
RoslynAnalysisRunner has terminated.
Mono: successfully reloaded assembly
- Completed reload, in  1.216 seconds
Platform modules already initialized, skipping
Refreshing native plugins compatible for Editor in 0.34 ms, found 1 plugins.
Preloading 0 native plugins for Editor in 0.00 ms.
Unloading 1807 Unused Serialized files (Serialized files now loaded: 0)
System memory in use before: 88.6 MB.
System memory in use after: 88.6 MB.

Unloading 12 unused Assets to reduce memory usage. Loaded Objects now: 2492.
Total: 2.192100 ms (FindLiveObjects: 0.203100 ms CreateObjectMapping: 0.079700 ms MarkObjects: 1.780500 ms  DeleteObjects: 0.127300 ms)

========================================================================
Received Prepare
Registering precompiled user dll's ...
Registered in 0.002705 seconds.
Begin MonoManager ReloadAssembly
Native extension for WindowsStandalone target not found
Refreshing native plugins compatible for Editor in 0.49 ms, found 1 plugins.
Preloading 0 native plugins for Editor in 0.00 ms.
Invoked RoslynAnalysisRunner static constructor.
RoslynAnalysisRunner will not be running.
RoslynAnalysisRunner has terminated.
Mono: successfully reloaded assembly
- Completed reload, in  1.145 seconds
Platform modules already initialized, skipping
Refreshing native plugins compatible for Editor in 0.39 ms, found 1 plugins.
Preloading 0 native plugins for Editor in 0.00 ms.
Unloading 1807 Unused Serialized files (Serialized files now loaded: 0)
System memory in use before: 88.6 MB.
System memory in use after: 88.6 MB.

Unloading 12 unused Assets to reduce memory usage. Loaded Objects now: 2496.
Total: 2.795400 ms (FindLiveObjects: 0.348900 ms CreateObjectMapping: 0.135200 ms MarkObjects: 2.191900 ms  DeleteObjects: 0.117900 ms)

========================================================================
Received Prepare
Registering precompiled user dll's ...
Registered in 0.002937 seconds.
Begin MonoManager ReloadAssembly
Native extension for WindowsStandalone target not found
Refreshing native plugins compatible for Editor in 0.56 ms, found 1 plugins.
Preloading 0 native plugins for Editor in 0.00 ms.
Invoked RoslynAnalysisRunner static constructor.
RoslynAnalysisRunner will not be running.
RoslynAnalysisRunner has terminated.
Mono: successfully reloaded assembly
- Completed reload, in  1.072 seconds
Platform modules already initialized, skipping
Refreshing native plugins compatible for Editor in 0.34 ms, found 1 plugins.
Preloading 0 native plugins for Editor in 0.00 ms.
Unloading 1807 Unused Serialized files (Serialized files now loaded: 0)
System memory in use before: 88.6 MB.
System memory in use after: 88.6 MB.

Unloading 12 unused Assets to reduce memory usage. Loaded Objects now: 2500.
Total: 2.241400 ms (FindLiveObjects: 0.210600 ms CreateObjectMapping: 0.076800 ms MarkObjects: 1.812400 ms  DeleteObjects: 0.140400 ms)

========================================================================
Received Prepare
Registering precompiled user dll's ...
Registered in 0.001054 seconds.
Begin MonoManager ReloadAssembly
Native extension for WindowsStandalone target not found
Refreshing native plugins compatible for Editor in 0.33 ms, found 1 plugins.
Preloading 0 native plugins for Editor in 0.00 ms.
Invoked RoslynAnalysisRunner static constructor.
RoslynAnalysisRunner will not be running.
RoslynAnalysisRunner has terminated.
Mono: successfully reloaded assembly
- Completed reload, in  0.975 seconds
Platform modules already initialized, skipping
Refreshing native plugins compatible for Editor in 0.46 ms, found 1 plugins.
Preloading 0 native plugins for Editor in 0.00 ms.
Unloading 1807 Unused Serialized files (Serialized files now loaded: 0)
System memory in use before: 88.6 MB.
System memory in use after: 88.6 MB.

Unloading 12 unused Assets to reduce memory usage. Loaded Objects now: 2504.
Total: 3.608300 ms (FindLiveObjects: 0.748100 ms CreateObjectMapping: 0.263900 ms MarkObjects: 2.441700 ms  DeleteObjects: 0.153000 ms)

========================================================================
Received Prepare
Registering precompiled user dll's ...
Registered in 0.003622 seconds.
Begin MonoManager ReloadAssembly
Native extension for WindowsStandalone target not found
Refreshing native plugins compatible for Editor in 0.34 ms, found 1 plugins.
Preloading 0 native plugins for Editor in 0.00 ms.
Invoked RoslynAnalysisRunner static constructor.
RoslynAnalysisRunner will not be running.
RoslynAnalysisRunner has terminated.
Mono: successfully reloaded assembly
- Completed reload, in  0.977 seconds
Platform modules already initialized, skipping
Refreshing native plugins compatible for Editor in 0.33 ms, found 1 plugins.
Preloading 0 native plugins for Editor in 0.00 ms.
Unloading 1807 Unused Serialized files (Serialized files now loaded: 0)
System memory in use before: 88.6 MB.
System memory in use after: 88.6 MB.

Unloading 12 unused Assets to reduce memory usage. Loaded Objects now: 2508.
Total: 2.230900 ms (FindLiveObjects: 0.214200 ms CreateObjectMapping: 0.073800 ms MarkObjects: 1.778400 ms  DeleteObjects: 0.163200 ms)

