Using pre-set license
Built from '2020.3/release' branch; Version is '2020.3.2f1 (8fd9074bf66c) revision 9427207'; Using compiler version '192528614'; Build Type 'Release'
OS: 'Windows 10 Home; OS build 19042.867; Version 2009; 64bit' Language: 'en' Physical Memory: 8123 MB
BatchMode: 1, IsHumanControllingUs: 0, StartBugReporterOnCrash: 0, Is64bit: 1, IsPro: 0

 COMMAND LINE ARGUMENTS:
C:\Program Files\Unity\Hub\Editor\2020.3.2f1\Editor\Unity.exe
-adb2
-batchMode
-noUpm
-name
AssetImportWorker0
-projectPath
C:/Users/Dylan Vannatter/Coding/unity-game/CIS-380-Final
-logFile
Logs/AssetImportWorker0.log
-srvPort
49661
Successfully changed project path to: C:/Users/Dylan Vannatter/Coding/unity-game/CIS-380-Final
C:/Users/Dylan Vannatter/Coding/unity-game/CIS-380-Final
Using Asset Import Pipeline V2.
Refreshing native plugins compatible for Editor in 39.64 ms, found 1 plugins.
Preloading 0 native plugins for Editor in 0.00 ms.
Initialize engine version: 2020.3.2f1 (8fd9074bf66c)
[Subsystems] Discovering subsystems at path C:/Program Files/Unity/Hub/Editor/2020.3.2f1/Editor/Data/Resources/UnitySubsystems
[Subsystems] Discovering subsystems at path C:/Users/Dylan Vannatter/Coding/unity-game/CIS-380-Final/Assets
GfxDevice: creating device client; threaded=0
Direct3D:
    Version:  Direct3D 11.0 [level 11.1]
    Renderer: NVIDIA GeForce GTX 1070 (ID=0x1b81)
    Vendor:   
    VRAM:     8088 MB
    Driver:   27.21.14.6109
Initialize mono
Mono path[0] = 'C:/Program Files/Unity/Hub/Editor/2020.3.2f1/Editor/Data/Managed'
Mono path[1] = 'C:/Program Files/Unity/Hub/Editor/2020.3.2f1/Editor/Data/MonoBleedingEdge/lib/mono/unityjit'
Mono config path = 'C:/Program Files/Unity/Hub/Editor/2020.3.2f1/Editor/Data/MonoBleedingEdge/etc'
Using monoOptions --debugger-agent=transport=dt_socket,embedding=1,server=y,suspend=n,address=127.0.0.1:56240
Begin MonoManager ReloadAssembly
Registering precompiled unity dll's ...
Register platform support module: C:/Program Files/Unity/Hub/Editor/2020.3.2f1/Editor/Data/PlaybackEngines/WindowsStandaloneSupport/UnityEditor.WindowsStandalone.Extensions.dll
Registered in 0.002147 seconds.
Native extension for WindowsStandalone target not found
Refreshing native plugins compatible for Editor in 38.78 ms, found 1 plugins.
Preloading 0 native plugins for Editor in 0.00 ms.
Invoked RoslynAnalysisRunner static constructor.
RoslynAnalysisRunner will not be running.
RoslynAnalysisRunner has terminated.
Mono: successfully reloaded assembly
- Completed reload, in  1.181 seconds
Platform modules already initialized, skipping
Registering precompiled user dll's ...
Registered in 0.001389 seconds.
Begin MonoManager ReloadAssembly
Native extension for WindowsStandalone target not found
Refreshing native plugins compatible for Editor in 47.78 ms, found 1 plugins.
Preloading 0 native plugins for Editor in 0.00 ms.
Invoked RoslynAnalysisRunner static constructor.
RoslynAnalysisRunner will not be running.
RoslynAnalysisRunner has terminated.
Mono: successfully reloaded assembly
- Completed reload, in  0.976 seconds
Platform modules already initialized, skipping
========================================================================
Worker process is ready to serve import requests
Launched and connected shader compiler UnityShaderCompiler.exe after 0.07 seconds
Refreshing native plugins compatible for Editor in 0.33 ms, found 1 plugins.
Preloading 0 native plugins for Editor in 0.00 ms.
Unloading 1810 Unused Serialized files (Serialized files now loaded: 0)
System memory in use before: 85.0 MB.
System memory in use after: 84.9 MB.

Unloading 24 unused Assets to reduce memory usage. Loaded Objects now: 2252.
Total: 2.665100 ms (FindLiveObjects: 0.184300 ms CreateObjectMapping: 0.073700 ms MarkObjects: 2.232400 ms  DeleteObjects: 0.173100 ms)

========================================================================
Received Import Request.
  path: Assets/PlayerJumping.anim
  artifactKey: Guid(48b4e0cf0fe3e8c49af44a670507e859) Importer(815301076,1909f56bfc062723c751e8b465ee728b)
Start importing Assets/PlayerJumping.anim using Guid(48b4e0cf0fe3e8c49af44a670507e859) Importer(815301076,1909f56bfc062723c751e8b465ee728b)  -> (artifact id: '2537f66567bf25744ab855672ec0223d') in 0.106585 seconds
  Import took 0.109885 seconds .

========================================================================
Received Prepare
Registering precompiled user dll's ...
Registered in 0.001963 seconds.
Begin MonoManager ReloadAssembly
Native extension for WindowsStandalone target not found
Refreshing native plugins compatible for Editor in 0.36 ms, found 1 plugins.
Preloading 0 native plugins for Editor in 0.00 ms.
Invoked RoslynAnalysisRunner static constructor.
RoslynAnalysisRunner will not be running.
RoslynAnalysisRunner has terminated.
Mono: successfully reloaded assembly
- Completed reload, in  0.869 seconds
Platform modules already initialized, skipping
Refreshing native plugins compatible for Editor in 0.32 ms, found 1 plugins.
Preloading 0 native plugins for Editor in 0.00 ms.
Unloading 1805 Unused Serialized files (Serialized files now loaded: 0)
System memory in use before: 84.9 MB.
System memory in use after: 84.9 MB.

Unloading 12 unused Assets to reduce memory usage. Loaded Objects now: 2256.
Total: 2.072700 ms (FindLiveObjects: 0.178300 ms CreateObjectMapping: 0.061100 ms MarkObjects: 1.688700 ms  DeleteObjects: 0.143800 ms)

========================================================================
Received Prepare
Registering precompiled user dll's ...
Registered in 0.001242 seconds.
Begin MonoManager ReloadAssembly
Native extension for WindowsStandalone target not found
Refreshing native plugins compatible for Editor in 0.61 ms, found 1 plugins.
Preloading 0 native plugins for Editor in 0.00 ms.
Invoked RoslynAnalysisRunner static constructor.
RoslynAnalysisRunner will not be running.
RoslynAnalysisRunner has terminated.
Mono: successfully reloaded assembly
- Completed reload, in  2.166 seconds
Platform modules already initialized, skipping
Refreshing native plugins compatible for Editor in 0.35 ms, found 1 plugins.
Preloading 0 native plugins for Editor in 0.00 ms.
Unloading 1805 Unused Serialized files (Serialized files now loaded: 0)
System memory in use before: 85.0 MB.
System memory in use after: 84.9 MB.

Unloading 12 unused Assets to reduce memory usage. Loaded Objects now: 2260.
Total: 2.068700 ms (FindLiveObjects: 0.190600 ms CreateObjectMapping: 0.082400 ms MarkObjects: 1.685600 ms  DeleteObjects: 0.108700 ms)

========================================================================
Received Prepare
Registering precompiled user dll's ...
Registered in 0.000981 seconds.
Begin MonoManager ReloadAssembly
Native extension for WindowsStandalone target not found
Refreshing native plugins compatible for Editor in 0.34 ms, found 1 plugins.
Preloading 0 native plugins for Editor in 0.00 ms.
Invoked RoslynAnalysisRunner static constructor.
RoslynAnalysisRunner will not be running.
RoslynAnalysisRunner has terminated.
Mono: successfully reloaded assembly
- Completed reload, in  0.887 seconds
Platform modules already initialized, skipping
Refreshing native plugins compatible for Editor in 0.36 ms, found 1 plugins.
Preloading 0 native plugins for Editor in 0.00 ms.
Unloading 1805 Unused Serialized files (Serialized files now loaded: 0)
System memory in use before: 85.0 MB.
System memory in use after: 85.0 MB.

Unloading 12 unused Assets to reduce memory usage. Loaded Objects now: 2264.
Total: 2.026600 ms (FindLiveObjects: 0.187700 ms CreateObjectMapping: 0.075100 ms MarkObjects: 1.579500 ms  DeleteObjects: 0.183400 ms)

========================================================================
Received Prepare
Registering precompiled user dll's ...
Registered in 0.001890 seconds.
Begin MonoManager ReloadAssembly
Native extension for WindowsStandalone target not found
Refreshing native plugins compatible for Editor in 0.34 ms, found 1 plugins.
Preloading 0 native plugins for Editor in 0.00 ms.
Invoked RoslynAnalysisRunner static constructor.
RoslynAnalysisRunner will not be running.
RoslynAnalysisRunner has terminated.
Mono: successfully reloaded assembly
- Completed reload, in  0.946 seconds
Platform modules already initialized, skipping
Refreshing native plugins compatible for Editor in 0.64 ms, found 1 plugins.
Preloading 0 native plugins for Editor in 0.00 ms.
Unloading 1805 Unused Serialized files (Serialized files now loaded: 0)
System memory in use before: 85.0 MB.
System memory in use after: 85.0 MB.

Unloading 12 unused Assets to reduce memory usage. Loaded Objects now: 2268.
Total: 3.925400 ms (FindLiveObjects: 0.199200 ms CreateObjectMapping: 0.080400 ms MarkObjects: 3.529000 ms  DeleteObjects: 0.115200 ms)

========================================================================
Received Import Request.
  Time since last request: 185.577533 seconds.
  path: Assets/PlayerRunning.anim
  artifactKey: Guid(6f7d6e9c35e9fa44ab02d6c711a6d2ba) Importer(815301076,1909f56bfc062723c751e8b465ee728b)
Start importing Assets/PlayerRunning.anim using Guid(6f7d6e9c35e9fa44ab02d6c711a6d2ba) Importer(815301076,1909f56bfc062723c751e8b465ee728b)  -> (artifact id: 'd8c429d09425e4935fb02747f32364b3') in 0.015323 seconds
  Import took 0.018940 seconds .

========================================================================
Received Import Request.
  Time since last request: 1.537357 seconds.
  path: Assets/PlayerController.cs
  artifactKey: Guid(1c1c99bb21ea4034bb6127bb0b604651) Importer(815301076,1909f56bfc062723c751e8b465ee728b)
Start importing Assets/PlayerController.cs using Guid(1c1c99bb21ea4034bb6127bb0b604651) Importer(815301076,1909f56bfc062723c751e8b465ee728b)  -> (artifact id: 'cb6720a4f02e7a19c28e99b6e16e1802') in 0.027576 seconds
  Import took 0.031266 seconds .

========================================================================
Received Import Request.
  Time since last request: 2.025490 seconds.
  path: Assets/CameraController.cs
  artifactKey: Guid(6634cf3a857f3344cb096664ee6db8d4) Importer(815301076,1909f56bfc062723c751e8b465ee728b)
Start importing Assets/CameraController.cs using Guid(6634cf3a857f3344cb096664ee6db8d4) Importer(815301076,1909f56bfc062723c751e8b465ee728b)  -> (artifact id: '981346d7cd0327ba44261b27a0b48f0e') in 0.006592 seconds
  Import took 0.009842 seconds .

========================================================================
Received Import Request.
  Time since last request: 0.024063 seconds.
  path: Assets/CameraController.cs
  artifactKey: Guid(6634cf3a857f3344cb096664ee6db8d4) Importer(815301076,1909f56bfc062723c751e8b465ee728b)
Start importing Assets/CameraController.cs using Guid(6634cf3a857f3344cb096664ee6db8d4) Importer(815301076,1909f56bfc062723c751e8b465ee728b)  -> (artifact id: '981346d7cd0327ba44261b27a0b48f0e') in 0.004764 seconds
  Import took 0.007983 seconds .

========================================================================
Received Prepare
Registering precompiled user dll's ...
Registered in 0.001338 seconds.
Begin MonoManager ReloadAssembly
Native extension for WindowsStandalone target not found
Refreshing native plugins compatible for Editor in 0.34 ms, found 1 plugins.
Preloading 0 native plugins for Editor in 0.00 ms.
Invoked RoslynAnalysisRunner static constructor.
RoslynAnalysisRunner will not be running.
RoslynAnalysisRunner has terminated.
Mono: successfully reloaded assembly
- Completed reload, in  1.011 seconds
Platform modules already initialized, skipping
Refreshing native plugins compatible for Editor in 0.33 ms, found 1 plugins.
Preloading 0 native plugins for Editor in 0.00 ms.
Unloading 1805 Unused Serialized files (Serialized files now loaded: 0)
System memory in use before: 85.0 MB.
System memory in use after: 85.0 MB.

Unloading 12 unused Assets to reduce memory usage. Loaded Objects now: 2272.
Total: 3.538900 ms (FindLiveObjects: 0.674300 ms CreateObjectMapping: 0.139000 ms MarkObjects: 2.536200 ms  DeleteObjects: 0.188100 ms)

========================================================================
Received Prepare
Registering precompiled user dll's ...
Registered in 0.001092 seconds.
Begin MonoManager ReloadAssembly
Native extension for WindowsStandalone target not found
Refreshing native plugins compatible for Editor in 0.36 ms, found 1 plugins.
Preloading 0 native plugins for Editor in 0.00 ms.
Invoked RoslynAnalysisRunner static constructor.
RoslynAnalysisRunner will not be running.
RoslynAnalysisRunner has terminated.
Mono: successfully reloaded assembly
- Completed reload, in  0.864 seconds
Platform modules already initialized, skipping
Refreshing native plugins compatible for Editor in 0.39 ms, found 1 plugins.
Preloading 0 native plugins for Editor in 0.00 ms.
Unloading 1805 Unused Serialized files (Serialized files now loaded: 0)
System memory in use before: 85.0 MB.
System memory in use after: 85.0 MB.

Unloading 12 unused Assets to reduce memory usage. Loaded Objects now: 2276.
Total: 2.365900 ms (FindLiveObjects: 0.179900 ms CreateObjectMapping: 0.086100 ms MarkObjects: 1.940600 ms  DeleteObjects: 0.158200 ms)

========================================================================
Received Prepare
Registering precompiled user dll's ...
Registered in 0.000956 seconds.
Begin MonoManager ReloadAssembly
Native extension for WindowsStandalone target not found
Refreshing native plugins compatible for Editor in 0.32 ms, found 1 plugins.
Preloading 0 native plugins for Editor in 0.00 ms.
Invoked RoslynAnalysisRunner static constructor.
RoslynAnalysisRunner will not be running.
RoslynAnalysisRunner has terminated.
Mono: successfully reloaded assembly
- Completed reload, in  0.960 seconds
Platform modules already initialized, skipping
Refreshing native plugins compatible for Editor in 0.32 ms, found 1 plugins.
Preloading 0 native plugins for Editor in 0.00 ms.
Unloading 1805 Unused Serialized files (Serialized files now loaded: 0)
System memory in use before: 85.0 MB.
System memory in use after: 85.0 MB.

Unloading 12 unused Assets to reduce memory usage. Loaded Objects now: 2280.
Total: 2.147700 ms (FindLiveObjects: 0.259900 ms CreateObjectMapping: 0.062200 ms MarkObjects: 1.677200 ms  DeleteObjects: 0.140600 ms)

========================================================================
Received Prepare
Registering precompiled user dll's ...
Registered in 0.000969 seconds.
Begin MonoManager ReloadAssembly
Native extension for WindowsStandalone target not found
Refreshing native plugins compatible for Editor in 0.39 ms, found 1 plugins.
Preloading 0 native plugins for Editor in 0.00 ms.
Invoked RoslynAnalysisRunner static constructor.
RoslynAnalysisRunner will not be running.
RoslynAnalysisRunner has terminated.
Mono: successfully reloaded assembly
- Completed reload, in  1.000 seconds
Platform modules already initialized, skipping
Refreshing native plugins compatible for Editor in 0.35 ms, found 1 plugins.
Preloading 0 native plugins for Editor in 0.00 ms.
Unloading 1805 Unused Serialized files (Serialized files now loaded: 0)
System memory in use before: 85.0 MB.
System memory in use after: 85.0 MB.

Unloading 12 unused Assets to reduce memory usage. Loaded Objects now: 2284.
Total: 2.274700 ms (FindLiveObjects: 0.201700 ms CreateObjectMapping: 0.069800 ms MarkObjects: 1.869700 ms  DeleteObjects: 0.132500 ms)

========================================================================
Received Prepare
Registering precompiled user dll's ...
Registered in 0.001081 seconds.
Begin MonoManager ReloadAssembly
Native extension for WindowsStandalone target not found
Refreshing native plugins compatible for Editor in 0.42 ms, found 1 plugins.
Preloading 0 native plugins for Editor in 0.00 ms.
Invoked RoslynAnalysisRunner static constructor.
RoslynAnalysisRunner will not be running.
RoslynAnalysisRunner has terminated.
Mono: successfully reloaded assembly
- Completed reload, in  0.983 seconds
Platform modules already initialized, skipping
Refreshing native plugins compatible for Editor in 0.32 ms, found 1 plugins.
Preloading 0 native plugins for Editor in 0.00 ms.
Unloading 1805 Unused Serialized files (Serialized files now loaded: 0)
System memory in use before: 85.0 MB.
System memory in use after: 85.0 MB.

Unloading 12 unused Assets to reduce memory usage. Loaded Objects now: 2288.
Total: 2.416700 ms (FindLiveObjects: 0.195900 ms CreateObjectMapping: 0.057000 ms MarkObjects: 1.985700 ms  DeleteObjects: 0.177100 ms)

========================================================================
Received Prepare
Registering precompiled user dll's ...
Registered in 0.001719 seconds.
Begin MonoManager ReloadAssembly
Native extension for WindowsStandalone target not found
Refreshing native plugins compatible for Editor in 0.33 ms, found 1 plugins.
Preloading 0 native plugins for Editor in 0.00 ms.
Invoked RoslynAnalysisRunner static constructor.
RoslynAnalysisRunner will not be running.
RoslynAnalysisRunner has terminated.
Mono: successfully reloaded assembly
- Completed reload, in  1.064 seconds
Platform modules already initialized, skipping
Refreshing native plugins compatible for Editor in 0.32 ms, found 1 plugins.
Preloading 0 native plugins for Editor in 0.00 ms.
Unloading 1805 Unused Serialized files (Serialized files now loaded: 0)
System memory in use before: 85.0 MB.
System memory in use after: 85.0 MB.

Unloading 12 unused Assets to reduce memory usage. Loaded Objects now: 2292.
Total: 2.274800 ms (FindLiveObjects: 0.195700 ms CreateObjectMapping: 0.076400 ms MarkObjects: 1.849600 ms  DeleteObjects: 0.152400 ms)

========================================================================
Received Prepare
Registering precompiled user dll's ...
Registered in 0.000981 seconds.
Begin MonoManager ReloadAssembly
Native extension for WindowsStandalone target not found
Refreshing native plugins compatible for Editor in 0.32 ms, found 1 plugins.
Preloading 0 native plugins for Editor in 0.00 ms.
Invoked RoslynAnalysisRunner static constructor.
RoslynAnalysisRunner will not be running.
RoslynAnalysisRunner has terminated.
Mono: successfully reloaded assembly
- Completed reload, in  1.127 seconds
Platform modules already initialized, skipping
Refreshing native plugins compatible for Editor in 0.42 ms, found 1 plugins.
Preloading 0 native plugins for Editor in 0.00 ms.
Unloading 1805 Unused Serialized files (Serialized files now loaded: 0)
System memory in use before: 85.0 MB.
System memory in use after: 85.0 MB.

Unloading 12 unused Assets to reduce memory usage. Loaded Objects now: 2296.
Total: 2.874900 ms (FindLiveObjects: 0.233800 ms CreateObjectMapping: 0.074600 ms MarkObjects: 2.080600 ms  DeleteObjects: 0.483800 ms)

========================================================================
Received Import Request.
  Time since last request: 746.641527 seconds.
  path: Assets/IdlingPlayer.anim
  artifactKey: Guid(ec1e586657afaec468241f28e3bda2ff) Importer(815301076,1909f56bfc062723c751e8b465ee728b)
Start importing Assets/IdlingPlayer.anim using Guid(ec1e586657afaec468241f28e3bda2ff) Importer(815301076,1909f56bfc062723c751e8b465ee728b)  -> (artifact id: '657ac4ea86d7d72b7091f69bd35a9492') in 0.022366 seconds
  Import took 0.028392 seconds .

========================================================================
Received Import Request.
  Time since last request: 0.001214 seconds.
  path: Assets/IdlingPlayer.anim
  artifactKey: Guid(ec1e586657afaec468241f28e3bda2ff) Importer(815301076,1909f56bfc062723c751e8b465ee728b)
Start importing Assets/IdlingPlayer.anim using Guid(ec1e586657afaec468241f28e3bda2ff) Importer(815301076,1909f56bfc062723c751e8b465ee728b)  -> (artifact id: '657ac4ea86d7d72b7091f69bd35a9492') in 0.006539 seconds
  Import took 0.011553 seconds .

========================================================================
Received Import Request.
  Time since last request: 3.735993 seconds.
  path: Assets/PlayerAttack.anim
  artifactKey: Guid(7daef956a54aacf4a83250397c188eee) Importer(815301076,1909f56bfc062723c751e8b465ee728b)
Start importing Assets/PlayerAttack.anim using Guid(7daef956a54aacf4a83250397c188eee) Importer(815301076,1909f56bfc062723c751e8b465ee728b)  -> (artifact id: 'a214a2eb4bcaea8936ca835f197a9eb5') in 0.011804 seconds
  Import took 0.014936 seconds .

========================================================================
Received Import Request.
  Time since last request: 103.187743 seconds.
  path: Assets/adventurer-idle-2-00 1.controller
  artifactKey: Guid(1fafbd545f2e9be468d1819aeaf73f72) Importer(815301076,1909f56bfc062723c751e8b465ee728b)
Start importing Assets/adventurer-idle-2-00 1.controller using Guid(1fafbd545f2e9be468d1819aeaf73f72) Importer(815301076,1909f56bfc062723c751e8b465ee728b)  -> (artifact id: '688f0b92df1c5acba84d3b9ac3c7b90e') in 0.015523 seconds
  Import took 0.021506 seconds .

========================================================================
Received Import Request.
  Time since last request: 52.749031 seconds.
  path: Assets/PlayerJumping.anim
  artifactKey: Guid(48b4e0cf0fe3e8c49af44a670507e859) Importer(815301076,1909f56bfc062723c751e8b465ee728b)
Start importing Assets/PlayerJumping.anim using Guid(48b4e0cf0fe3e8c49af44a670507e859) Importer(815301076,1909f56bfc062723c751e8b465ee728b)  -> (artifact id: '1887d2908e54f294e1b4cc5a7b16c3be') in 0.004951 seconds
  Import took 0.011323 seconds .

========================================================================
Received Prepare
Registering precompiled user dll's ...
Registered in 0.001420 seconds.
Begin MonoManager ReloadAssembly
Native extension for WindowsStandalone target not found
Refreshing native plugins compatible for Editor in 0.33 ms, found 1 plugins.
Preloading 0 native plugins for Editor in 0.00 ms.
Invoked RoslynAnalysisRunner static constructor.
RoslynAnalysisRunner will not be running.
RoslynAnalysisRunner has terminated.
Mono: successfully reloaded assembly
- Completed reload, in  0.974 seconds
Platform modules already initialized, skipping
Refreshing native plugins compatible for Editor in 0.32 ms, found 1 plugins.
Preloading 0 native plugins for Editor in 0.00 ms.
Unloading 1805 Unused Serialized files (Serialized files now loaded: 0)
System memory in use before: 85.1 MB.
System memory in use after: 85.0 MB.

Unloading 12 unused Assets to reduce memory usage. Loaded Objects now: 2300.
Total: 2.369400 ms (FindLiveObjects: 0.175500 ms CreateObjectMapping: 0.061200 ms MarkObjects: 1.968200 ms  DeleteObjects: 0.163700 ms)

========================================================================
Received Prepare
Registering precompiled user dll's ...
Registered in 0.001252 seconds.
Begin MonoManager ReloadAssembly
Native extension for WindowsStandalone target not found
Refreshing native plugins compatible for Editor in 0.33 ms, found 1 plugins.
Preloading 0 native plugins for Editor in 0.00 ms.
Invoked RoslynAnalysisRunner static constructor.
RoslynAnalysisRunner will not be running.
RoslynAnalysisRunner has terminated.
Mono: successfully reloaded assembly
- Completed reload, in  0.854 seconds
Platform modules already initialized, skipping
Refreshing native plugins compatible for Editor in 0.41 ms, found 1 plugins.
Preloading 0 native plugins for Editor in 0.00 ms.
Unloading 1805 Unused Serialized files (Serialized files now loaded: 0)
System memory in use before: 85.1 MB.
System memory in use after: 85.0 MB.

Unloading 12 unused Assets to reduce memory usage. Loaded Objects now: 2304.
Total: 2.362200 ms (FindLiveObjects: 0.212200 ms CreateObjectMapping: 0.083900 ms MarkObjects: 1.927200 ms  DeleteObjects: 0.137800 ms)

========================================================================
Received Prepare
Registering precompiled user dll's ...
Registered in 0.001036 seconds.
Begin MonoManager ReloadAssembly
Native extension for WindowsStandalone target not found
Refreshing native plugins compatible for Editor in 0.43 ms, found 1 plugins.
Preloading 0 native plugins for Editor in 0.00 ms.
Invoked RoslynAnalysisRunner static constructor.
RoslynAnalysisRunner will not be running.
RoslynAnalysisRunner has terminated.
Mono: successfully reloaded assembly
- Completed reload, in  0.864 seconds
Platform modules already initialized, skipping
Refreshing native plugins compatible for Editor in 0.34 ms, found 1 plugins.
Preloading 0 native plugins for Editor in 0.00 ms.
Unloading 1805 Unused Serialized files (Serialized files now loaded: 0)
System memory in use before: 85.1 MB.
System memory in use after: 85.0 MB.

Unloading 12 unused Assets to reduce memory usage. Loaded Objects now: 2308.
Total: 2.339500 ms (FindLiveObjects: 0.260800 ms CreateObjectMapping: 0.064900 ms MarkObjects: 1.850100 ms  DeleteObjects: 0.162300 ms)

========================================================================
Received Prepare
Registering precompiled user dll's ...
Registered in 0.001113 seconds.
Begin MonoManager ReloadAssembly
Native extension for WindowsStandalone target not found
Refreshing native plugins compatible for Editor in 0.33 ms, found 1 plugins.
Preloading 0 native plugins for Editor in 0.00 ms.
Invoked RoslynAnalysisRunner static constructor.
RoslynAnalysisRunner will not be running.
RoslynAnalysisRunner has terminated.
Mono: successfully reloaded assembly
- Completed reload, in  0.869 seconds
Platform modules already initialized, skipping
Refreshing native plugins compatible for Editor in 0.35 ms, found 1 plugins.
Preloading 0 native plugins for Editor in 0.00 ms.
Unloading 1805 Unused Serialized files (Serialized files now loaded: 0)
System memory in use before: 85.1 MB.
System memory in use after: 85.1 MB.

Unloading 12 unused Assets to reduce memory usage. Loaded Objects now: 2312.
Total: 2.447500 ms (FindLiveObjects: 0.190500 ms CreateObjectMapping: 0.070300 ms MarkObjects: 2.045400 ms  DeleteObjects: 0.139800 ms)

========================================================================
Received Prepare
Registering precompiled user dll's ...
Registered in 0.001353 seconds.
Begin MonoManager ReloadAssembly
Native extension for WindowsStandalone target not found
Refreshing native plugins compatible for Editor in 0.58 ms, found 1 plugins.
Preloading 0 native plugins for Editor in 0.00 ms.
Invoked RoslynAnalysisRunner static constructor.
RoslynAnalysisRunner will not be running.
RoslynAnalysisRunner has terminated.
Mono: successfully reloaded assembly
- Completed reload, in  1.031 seconds
Platform modules already initialized, skipping
Refreshing native plugins compatible for Editor in 0.32 ms, found 1 plugins.
Preloading 0 native plugins for Editor in 0.00 ms.
Unloading 1805 Unused Serialized files (Serialized files now loaded: 0)
System memory in use before: 85.1 MB.
System memory in use after: 85.1 MB.

Unloading 12 unused Assets to reduce memory usage. Loaded Objects now: 2316.
Total: 2.244600 ms (FindLiveObjects: 0.262400 ms CreateObjectMapping: 0.081100 ms MarkObjects: 1.790100 ms  DeleteObjects: 0.109700 ms)

========================================================================
Received Import Request.
  Time since last request: 822.790922 seconds.
  path: Assets/Player Files/adventurer-fall-00.png
  artifactKey: Guid(afecb8e7d15161e42ad5f015f2133913) Importer(815301076,1909f56bfc062723c751e8b465ee728b)
Start importing Assets/Player Files/adventurer-fall-00.png using Guid(afecb8e7d15161e42ad5f015f2133913) Importer(815301076,1909f56bfc062723c751e8b465ee728b)  -> (artifact id: '95f9c14e6097cf23d28618257d6f7ea9') in 0.144277 seconds
  Import took 0.148798 seconds .

========================================================================
Received Import Request.
  Time since last request: 0.000531 seconds.
  path: Assets/Player Files/adventurer-fall-01.png
  artifactKey: Guid(0dd214048e25b3f4daf4fcfb9974bb61) Importer(815301076,1909f56bfc062723c751e8b465ee728b)
Start importing Assets/Player Files/adventurer-fall-01.png using Guid(0dd214048e25b3f4daf4fcfb9974bb61) Importer(815301076,1909f56bfc062723c751e8b465ee728b)  -> (artifact id: '49d3d7ab2483205fad6d60033e1df4c3') in 0.016071 seconds
  Import took 0.020550 seconds .

========================================================================
Received Import Request.
  Time since last request: 12.582978 seconds.
  path: Assets/Player Files/adventurer-fall-00.png
  artifactKey: Guid(afecb8e7d15161e42ad5f015f2133913) Importer(815301076,1909f56bfc062723c751e8b465ee728b)
Start importing Assets/Player Files/adventurer-fall-00.png using Guid(afecb8e7d15161e42ad5f015f2133913) Importer(815301076,1909f56bfc062723c751e8b465ee728b)  -> (artifact id: '5e87130ea74515f2a1b61f61b1b1f00e') in 0.018905 seconds
  Import took 0.024980 seconds .

========================================================================
Received Import Request.
  Time since last request: 7.264412 seconds.
  path: Assets/Player Files/adventurer-fall-01.png
  artifactKey: Guid(0dd214048e25b3f4daf4fcfb9974bb61) Importer(815301076,1909f56bfc062723c751e8b465ee728b)
Start importing Assets/Player Files/adventurer-fall-01.png using Guid(0dd214048e25b3f4daf4fcfb9974bb61) Importer(815301076,1909f56bfc062723c751e8b465ee728b)  -> (artifact id: 'a14fb697dac5035176c6f200f7ca8b64') in 0.011090 seconds
  Import took 0.015239 seconds .

========================================================================
Received Import Request.
  Time since last request: 0.005723 seconds.
  path: Assets/Player Files/adventurer-fall-01.png
  artifactKey: Guid(0dd214048e25b3f4daf4fcfb9974bb61) Importer(815301076,1909f56bfc062723c751e8b465ee728b)
Start importing Assets/Player Files/adventurer-fall-01.png using Guid(0dd214048e25b3f4daf4fcfb9974bb61) Importer(815301076,1909f56bfc062723c751e8b465ee728b)  -> (artifact id: 'a14fb697dac5035176c6f200f7ca8b64') in 0.015588 seconds
  Import took 0.021581 seconds .

